-----02-11-2018 @ 17:38:29 ------
schedule_cleanup_temp_users
-----02-11-2018 @ 17:38:29 ------
schedule_update_user_items
-----02-11-2018 @ 17:48:39 ------
schedule_update_user_items
-----02-12-2018 @ 02:54:59 ------
schedule_update_user_items
-----02-12-2018 @ 02:59:09 ------
schedule_update_user_items
-----02-12-2018 @ 03:08:48 ------
schedule_update_user_items
-----02-12-2018 @ 03:48:33 ------
schedule_update_user_items
-----02-12-2018 @ 04:52:01 ------
schedule_update_user_items
-----02-12-2018 @ 05:00:06 ------
schedule_update_user_items
-----02-12-2018 @ 05:23:07 ------
schedule_update_user_items
-----02-12-2018 @ 06:38:54 ------
schedule_update_user_items
-----02-12-2018 @ 06:50:10 ------
schedule_update_user_items
-----02-12-2018 @ 08:17:32 ------
schedule_update_user_items
-----02-12-2018 @ 08:18:41 ------
schedule_update_user_items
-----02-12-2018 @ 13:27:41 ------
schedule_update_user_items
-----02-12-2018 @ 13:39:44 ------
schedule_update_user_items
-----02-12-2018 @ 13:53:08 ------
schedule_update_user_items
-----02-12-2018 @ 13:59:07 ------
schedule_update_user_items
-----02-12-2018 @ 14:09:07 ------
schedule_update_user_items
-----02-12-2018 @ 14:19:09 ------
schedule_update_user_items
-----02-12-2018 @ 14:29:10 ------
schedule_update_user_items
-----02-12-2018 @ 14:39:14 ------
schedule_update_user_items
-----02-12-2018 @ 14:49:10 ------
schedule_update_user_items
-----02-12-2018 @ 16:14:33 ------
schedule_update_user_items
-----02-12-2018 @ 16:19:40 ------
schedule_update_user_items
-----02-12-2018 @ 16:33:18 ------
schedule_update_user_items
-----02-12-2018 @ 16:38:29 ------
schedule_update_user_items
-----02-12-2018 @ 16:48:29 ------
schedule_update_user_items
-----02-12-2018 @ 16:59:18 ------
schedule_update_user_items
-----02-13-2018 @ 05:59:32 ------
schedule_update_user_items
-----02-13-2018 @ 06:14:46 ------
schedule_update_user_items
-----02-13-2018 @ 13:43:05 ------
schedule_update_user_items
-----02-13-2018 @ 13:49:13 ------
schedule_update_user_items
-----02-13-2018 @ 14:13:33 ------
schedule_update_user_items
-----02-13-2018 @ 15:07:09 ------
schedule_update_user_items
-----02-13-2018 @ 15:08:24 ------
schedule_update_user_items
-----02-13-2018 @ 15:19:03 ------
schedule_update_user_items
-----02-13-2018 @ 15:28:39 ------
schedule_update_user_items
-----02-13-2018 @ 15:39:39 ------
schedule_update_user_items
-----02-13-2018 @ 15:48:29 ------
schedule_update_user_items
-----02-13-2018 @ 15:58:32 ------
schedule_update_user_items
-----02-13-2018 @ 16:11:20 ------
schedule_update_user_items
-----02-13-2018 @ 16:18:35 ------
schedule_update_user_items
-----02-13-2018 @ 16:29:03 ------
schedule_update_user_items
-----02-13-2018 @ 16:39:41 ------
schedule_update_user_items
-----02-14-2018 @ 02:29:32 ------
schedule_update_user_items
-----02-14-2018 @ 02:38:38 ------
schedule_update_user_items
-----02-14-2018 @ 02:48:58 ------
schedule_update_user_items
-----02-14-2018 @ 08:19:36 ------
schedule_update_user_items
-----02-14-2018 @ 08:29:16 ------
schedule_update_user_items
-----02-14-2018 @ 08:38:46 ------
schedule_update_user_items
-----02-14-2018 @ 08:49:00 ------
schedule_update_user_items
-----02-14-2018 @ 09:03:47 ------
schedule_update_user_items
-----02-14-2018 @ 09:08:58 ------
schedule_update_user_items
-----02-14-2018 @ 09:18:49 ------
schedule_update_user_items
-----02-14-2018 @ 09:29:45 ------
schedule_update_user_items
-----02-14-2018 @ 10:11:42 ------
schedule_update_user_items
-----02-14-2018 @ 13:55:20 ------
schedule_update_user_items
-----02-14-2018 @ 14:01:07 ------
schedule_update_user_items
-----02-14-2018 @ 14:23:44 ------
schedule_update_user_items
-----02-14-2018 @ 14:29:50 ------
schedule_update_user_items
-----02-14-2018 @ 14:40:18 ------
schedule_update_user_items
-----02-14-2018 @ 14:48:25 ------
schedule_update_user_items
-----02-14-2018 @ 14:58:43 ------
schedule_update_user_items
-----02-14-2018 @ 15:08:40 ------
schedule_update_user_items
-----02-14-2018 @ 15:18:49 ------
schedule_update_user_items
-----02-14-2018 @ 15:28:49 ------
schedule_update_user_items
-----02-14-2018 @ 15:53:40 ------
schedule_update_user_items
-----02-14-2018 @ 15:59:39 ------
schedule_update_user_items
-----02-14-2018 @ 16:52:28 ------
schedule_update_user_items
-----02-14-2018 @ 17:00:24 ------
schedule_update_user_items
-----02-15-2018 @ 00:26:09 ------
schedule_update_user_items
-----02-15-2018 @ 00:30:21 ------
schedule_update_user_items
-----02-15-2018 @ 00:38:22 ------
schedule_update_user_items
-----02-15-2018 @ 00:48:28 ------
schedule_update_user_items
-----02-15-2018 @ 00:58:29 ------
schedule_update_user_items
-----02-15-2018 @ 01:08:44 ------
schedule_update_user_items
-----02-15-2018 @ 01:19:11 ------
schedule_update_user_items
-----02-15-2018 @ 01:28:27 ------
schedule_update_user_items
-----02-15-2018 @ 01:39:14 ------
schedule_update_user_items
-----02-15-2018 @ 01:49:14 ------
schedule_update_user_items
-----02-15-2018 @ 01:58:29 ------
schedule_update_user_items
-----02-15-2018 @ 02:08:39 ------
schedule_update_user_items
-----02-15-2018 @ 02:18:31 ------
schedule_update_user_items
-----02-15-2018 @ 02:35:34 ------
schedule_update_user_items
-----02-15-2018 @ 02:39:41 ------
schedule_update_user_items
-----02-15-2018 @ 03:25:30 ------
schedule_update_user_items
-----02-15-2018 @ 03:28:24 ------
schedule_update_user_items
-----02-15-2018 @ 03:38:36 ------
schedule_update_user_items
-----02-15-2018 @ 03:52:49 ------
schedule_update_user_items
-----02-15-2018 @ 03:59:37 ------
schedule_update_user_items
-----02-15-2018 @ 04:08:50 ------
schedule_update_user_items
-----02-15-2018 @ 04:18:28 ------
schedule_update_user_items
-----02-15-2018 @ 04:28:28 ------
schedule_update_user_items
-----02-15-2018 @ 04:38:38 ------
schedule_update_user_items
-----02-15-2018 @ 04:48:46 ------
schedule_update_user_items
-----02-15-2018 @ 04:59:41 ------
schedule_update_user_items
-----02-15-2018 @ 05:11:55 ------
schedule_update_user_items
-----02-15-2018 @ 05:13:21 ------
teacher1@email.com
-----02-15-2018 @ 05:13:21 ------
Array
(
    [0] => teacher1@email.com
    [1] => Become an teacher
    [2] => == Become an instructor ==

You have enrolled in the course "{{course_url}}" ({{course_name}}).

Please login http://localhost/wordpress/login/ and start learning now.


    [3] => Content-Type: text/plain

    [4] => Array
        (
        )

)

-----02-15-2018 @ 05:18:43 ------
schedule_update_user_items
-----02-15-2018 @ 05:30:00 ------
schedule_update_user_items
-----02-15-2018 @ 05:39:53 ------
schedule_update_user_items
-----02-15-2018 @ 05:48:55 ------
schedule_update_user_items
-----02-15-2018 @ 06:05:29 ------
schedule_update_user_items
-----02-15-2018 @ 06:08:35 ------
schedule_update_user_items
-----02-15-2018 @ 06:18:58 ------
schedule_update_user_items
-----02-15-2018 @ 06:32:53 ------
schedule_update_user_items
-----02-15-2018 @ 06:38:31 ------
schedule_update_user_items
-----02-15-2018 @ 06:49:12 ------
schedule_update_user_items
-----02-16-2018 @ 09:32:24 ------
schedule_update_user_items
-----02-16-2018 @ 10:43:22 ------
schedule_update_user_items
-----02-16-2018 @ 10:50:49 ------
schedule_update_user_items
-----02-16-2018 @ 10:59:41 ------
schedule_update_user_items
-----02-16-2018 @ 11:09:08 ------
schedule_update_user_items
-----02-16-2018 @ 11:18:25 ------
schedule_update_user_items
-----02-16-2018 @ 11:30:46 ------
schedule_update_user_items
-----02-17-2018 @ 08:09:15 ------
schedule_update_user_items
-----02-17-2018 @ 08:18:26 ------
schedule_update_user_items
-----02-17-2018 @ 08:28:33 ------
schedule_update_user_items
-----02-17-2018 @ 08:38:25 ------
schedule_update_user_items
-----02-17-2018 @ 08:48:24 ------
schedule_update_user_items
-----02-17-2018 @ 08:59:02 ------
schedule_update_user_items
-----02-17-2018 @ 09:08:35 ------
schedule_update_user_items
-----02-17-2018 @ 09:18:25 ------
schedule_update_user_items
-----02-17-2018 @ 09:28:33 ------
schedule_update_user_items
-----02-17-2018 @ 09:40:07 ------
schedule_update_user_items
-----02-17-2018 @ 09:49:01 ------
schedule_update_user_items
-----02-17-2018 @ 09:58:42 ------
schedule_update_user_items
-----02-19-2018 @ 03:48:21 ------
schedule_update_user_items
-----02-19-2018 @ 03:48:46 ------
schedule_cleanup_temp_users
-----02-19-2018 @ 03:50:00 ------
schedule_update_user_items
-----02-19-2018 @ 03:59:06 ------
schedule_update_user_items
-----02-19-2018 @ 04:10:58 ------
schedule_update_user_items
-----02-19-2018 @ 04:32:06 ------
schedule_update_user_items
-----04-07-2018 @ 05:14:11 ------
schedule_update_user_items
-----04-07-2018 @ 05:16:16 ------
schedule_cleanup_temp_users
